<?xml version="1.0" encoding="UTF-8"?>
<testsuite name="de.dhbw.parprog.AccountStateTests" tests="4" skipped="0" failures="0" errors="0" timestamp="2019-10-07T09:38:58" hostname="DESKTOP-V0N7L1Q" time="0.016">
  <properties/>
  <testcase name="cantWithdrawBelowMinimum" classname="de.dhbw.parprog.AccountStateTests" time="0.007"/>
  <testcase name="canDepositAndWithdraw" classname="de.dhbw.parprog.AccountStateTests" time="0.001"/>
  <testcase name="newAccountHasNoCredits" classname="de.dhbw.parprog.AccountStateTests" time="0.007"/>
  <testcase name="cantDepositMoreThanMaximum" classname="de.dhbw.parprog.AccountStateTests" time="0.0"/>
  <system-out><![CDATA[]]></system-out>
  <system-err><![CDATA[]]></system-err>
</testsuite>
