<?xml version="1.0" encoding="UTF-8"?>
<testsuite name="de.dhbw.parprog.DirStatTests" tests="1" skipped="0" failures="0" errors="0" timestamp="2019-10-21T08:56:29" hostname="DESKTOP-V0N7L1Q" time="0.052">
  <properties/>
  <testcase name="correctStatsInTestdir" classname="de.dhbw.parprog.DirStatTests" time="0.052"/>
  <system-out><![CDATA[]]></system-out>
  <system-err><![CDATA[]]></system-err>
</testsuite>
